0 info it worked if it ends with ok
1 verbose cli [ '/usr/local/bin/node',
1 verbose cli   '/usr/local/bin/npm',
1 verbose cli   'publish',
1 verbose cli   '/Users/luigifcruz/Library/Mobile Documents/com~apple~CloudDocs/Trabalhos/Node.js/node-moodle-scraper' ]
2 info using npm@3.3.12
3 info using node@v5.1.1
4 verbose publish [ '/Users/luigifcruz/Library/Mobile Documents/com~apple~CloudDocs/Trabalhos/Node.js/node-moodle-scraper' ]
5 silly cache add args [ '/Users/luigifcruz/Library/Mobile Documents/com~apple~CloudDocs/Trabalhos/Node.js/node-moodle-scraper',
5 silly cache add   null ]
6 verbose cache add spec /Users/luigifcruz/Library/Mobile Documents/com~apple~CloudDocs/Trabalhos/Node.js/node-moodle-scraper
7 silly cache add parsed spec Result {
7 silly cache add   raw: '/Users/luigifcruz/Library/Mobile Documents/com~apple~CloudDocs/Trabalhos/Node.js/node-moodle-scraper',
7 silly cache add   scope: null,
7 silly cache add   name: null,
7 silly cache add   rawSpec: '/Users/luigifcruz/Library/Mobile Documents/com~apple~CloudDocs/Trabalhos/Node.js/node-moodle-scraper',
7 silly cache add   spec: '/Users/luigifcruz/Library/Mobile Documents/com~apple~CloudDocs/Trabalhos/Node.js/node-moodle-scraper',
7 silly cache add   type: 'directory' }
8 verbose addLocalDirectory /Users/luigifcruz/.npm/moodle-scraper/0.0.1/package.tgz not in flight; packing
9 info lifecycle moodle-scraper@0.0.1~prepublish: moodle-scraper@0.0.1
10 silly lifecycle moodle-scraper@0.0.1~prepublish: no script for prepublish, continuing
11 verbose tar pack [ '/Users/luigifcruz/.npm/moodle-scraper/0.0.1/package.tgz',
11 verbose tar pack   '/Users/luigifcruz/Library/Mobile Documents/com~apple~CloudDocs/Trabalhos/Node.js/node-moodle-scraper' ]
12 verbose tarball /Users/luigifcruz/.npm/moodle-scraper/0.0.1/package.tgz
13 verbose folder /Users/luigifcruz/Library/Mobile Documents/com~apple~CloudDocs/Trabalhos/Node.js/node-moodle-scraper
14 verbose addLocalTarball adding from inside cache /Users/luigifcruz/.npm/moodle-scraper/0.0.1/package.tgz
15 silly cache afterAdd moodle-scraper@0.0.1
16 verbose afterAdd /Users/luigifcruz/.npm/moodle-scraper/0.0.1/package/package.json not in flight; writing
17 verbose afterAdd /Users/luigifcruz/.npm/moodle-scraper/0.0.1/package/package.json written
18 silly publish { name: 'moodle-scraper',
18 silly publish   version: '0.0.1',
18 silly publish   engine: 'node 0.4.1',
18 silly publish   description: 'Moodle Scraper',
18 silly publish   main: 'index.js',
18 silly publish   repository:
18 silly publish    { type: 'git',
18 silly publish      url: 'git+https://github.com/luigifreitas/node-moodle-scraper.git' },
18 silly publish   keywords: [ 'moodle', 'scrap', 'json' ],
18 silly publish   author: { name: 'Luigi Freitas', email: 'luigifcruz@me.com' },
18 silly publish   license: 'MIT',
18 silly publish   bugs: { url: 'https://github.com/luigifreitas/node-moodle-scraper/issues' },
18 silly publish   dependencies: { cheerio: '^0.19.0', request: '^2.67.0' },
18 silly publish   homepage: 'https://github.com/luigifreitas/node-moodle-scraper',
18 silly publish   readme: '### moodle-scraper\n\nVery simple Moodle Scraper, tested only with UTFPR-CP Moodle. More APIs very soon.\n\n### Installation\n\n    npm install moodle-scraper\n\n### Usage\n\n```javascript\nvar moodle = require(\'moodle-scraper\');\n\nvar user = {\n  username: "",\n  password: "",\n  url: "http://ead.cp.utfpr.edu.br" // Moodle domain.\n};\n\nmoodle.courses(user, function(err, courses){\n   if (err) throw err; // Crash if returns some error.\n   console.log(courses) // Show JSON with all user courses.\n})\n```\n\n### API\n\n### couses(user, callback)\n* `url` User credencials and Moodle Domain.\n* `callback(err, couses)` Courses JSON or error.\n',
18 silly publish   readmeFilename: 'README.md',
18 silly publish   gitHead: 'e62cc15a17f77860718310ee8e033a8137772242',
18 silly publish   _id: 'moodle-scraper@0.0.1',
18 silly publish   scripts: {},
18 silly publish   _shasum: 'eff0eaf1e6d70d5706c84dd097e53c0de7aa2f38',
18 silly publish   _from: '.' }
19 verbose getPublishConfig undefined
20 silly mapToRegistry name moodle-scraper
21 silly mapToRegistry using default registry
22 silly mapToRegistry registry https://registry.npmjs.org/
23 silly mapToRegistry uri https://registry.npmjs.org/moodle-scraper
24 verbose publish registryBase https://registry.npmjs.org/
25 silly publish uploading /Users/luigifcruz/.npm/moodle-scraper/0.0.1/package.tgz
26 verbose request uri https://registry.npmjs.org/moodle-scraper
27 verbose request sending authorization for write operation
28 info attempt registry request try #1 at 12:52:41 AM
29 verbose request using bearer token for auth
30 verbose request id 2b38ce67a7b18296
31 http request PUT https://registry.npmjs.org/moodle-scraper
32 http 403 https://registry.npmjs.org/moodle-scraper
33 verbose headers { 'content-type': 'application/json',
33 verbose headers   'cache-control': 'max-age=60',
33 verbose headers   'content-length': '95',
33 verbose headers   'accept-ranges': 'bytes',
33 verbose headers   date: 'Wed, 09 Dec 2015 02:52:43 GMT',
33 verbose headers   via: '1.1 varnish',
33 verbose headers   connection: 'keep-alive',
33 verbose headers   'x-served-by': 'cache-iad2120-IAD',
33 verbose headers   'x-cache': 'MISS',
33 verbose headers   'x-cache-hits': '0',
33 verbose headers   'x-timer': 'S1449629562.696778,VS0,VE650' }
34 verbose request invalidating /Users/luigifcruz/.npm/registry.npmjs.org/moodle-scraper on PUT
35 error publish Failed PUT 403
36 verbose stack Error: "You cannot publish over the previously published version 0.0.1." : moodle-scraper
36 verbose stack     at makeError (/usr/local/lib/node_modules/npm/node_modules/npm-registry-client/lib/request.js:264:12)
36 verbose stack     at CachingRegistryClient.<anonymous> (/usr/local/lib/node_modules/npm/node_modules/npm-registry-client/lib/request.js:252:14)
36 verbose stack     at Request._callback (/usr/local/lib/node_modules/npm/node_modules/npm-registry-client/lib/request.js:172:14)
36 verbose stack     at Request.self.callback (/usr/local/lib/node_modules/npm/node_modules/request/request.js:198:22)
36 verbose stack     at emitTwo (events.js:87:13)
36 verbose stack     at Request.emit (events.js:172:7)
36 verbose stack     at Request.<anonymous> (/usr/local/lib/node_modules/npm/node_modules/request/request.js:1082:10)
36 verbose stack     at emitOne (events.js:82:20)
36 verbose stack     at Request.emit (events.js:169:7)
36 verbose stack     at IncomingMessage.<anonymous> (/usr/local/lib/node_modules/npm/node_modules/request/request.js:1009:12)
37 verbose statusCode 403
38 verbose pkgid moodle-scraper
39 verbose cwd /Users/luigifcruz/Library/Mobile Documents/com~apple~CloudDocs/Trabalhos/Node.js/node-moodle-scraper
40 error Darwin 15.0.0
41 error argv "/usr/local/bin/node" "/usr/local/bin/npm" "publish" "/Users/luigifcruz/Library/Mobile Documents/com~apple~CloudDocs/Trabalhos/Node.js/node-moodle-scraper"
42 error node v5.1.1
43 error npm  v3.3.12
44 error code E403
45 error "You cannot publish over the previously published version 0.0.1." : moodle-scraper
46 error If you need help, you may report this error at:
46 error     <https://github.com/npm/npm/issues>
47 verbose exit [ 1, true ]
